==2450== Memcheck, a memory error detector
==2450== Copyright (C) 2002-2017, and GNU GPL'd, by Julian Seward et al.
==2450== Using Valgrind-3.15.0 and LibVEX; rerun with -h for copyright info
==2450== Command: bin/bourse -p 9999
==2450== Parent PID: 2436
==2450== 
==2450== 
==2450== FILE DESCRIPTORS: 8 open at exit.
==2450== Open AF_INET socket 5: 0.0.0.0:9999 <-> unbound
==2450==    at 0x49A37AB: socket (syscall-template.S:78)
==2450==    by 0x10E016: open_listenfd (csapp.c:1015)
==2450==    by 0x10E174: Open_listenfd (csapp.c:1062)
==2450==    by 0x10AE9B: main (main.c:86)
==2450== 
==2450== Open file descriptor 13: /dev/shm/bxf_arena_2434 (deleted)
==2450==    <inherited from parent>
==2450== 
==2450== Open file descriptor 11: /dev/shm/bxf_arena_2434 (deleted)
==2450==    <inherited from parent>
==2450== 
==2450== Open file descriptor 4:
==2450==    <inherited from parent>
==2450== 
==2450== Open file descriptor 3: /home/student/egrunblatt/hw5/valgrind.out
==2450==    <inherited from parent>
==2450== 
==2450== Open file descriptor 2: /dev/pts/0
==2450==    <inherited from parent>
==2450== 
==2450== Open file descriptor 1: /dev/pts/0
==2450==    <inherited from parent>
==2450== 
==2450== Open file descriptor 0:
==2450==    <inherited from parent>
==2450== 
==2450== 
==2450== HEAP SUMMARY:
==2450==     in use at exit: 4 bytes in 1 blocks
==2450==   total heap usage: 13 allocs, 12 frees, 11,272 bytes allocated
==2450== 
==2450== LEAK SUMMARY:
==2450==    definitely lost: 0 bytes in 0 blocks
==2450==    indirectly lost: 0 bytes in 0 blocks
==2450==      possibly lost: 0 bytes in 0 blocks
==2450==    still reachable: 4 bytes in 1 blocks
==2450==         suppressed: 0 bytes in 0 blocks
==2450== Reachable blocks (those to which a pointer was found) are not shown.
==2450== To see them, rerun with: --leak-check=full --show-leak-kinds=all
==2450== 
==2450== For lists of detected and suppressed errors, rerun with: -s
==2450== ERROR SUMMARY: 0 errors from 0 contexts (suppressed: 0 from 0)
